<?xml version="1.0" encoding="UTF-8"?>
<!-- Generated by org.testng.reporters.JUnitReportReporter -->
<testsuite hostname="LAPTOP-I0N0AR3U" failures="0" tests="1" name="com.absli.testcases.ViewQuoteTest" time="166.227" errors="0" timestamp="07 Oct 2022 11:48:23 GMT" skipped="0">
  <testcase classname="com.absli.testcases.ViewQuoteTest" name="verifyriderPageDetailsWeb" time="166.227"/>
</testsuite> <!-- com.absli.testcases.ViewQuoteTest -->
