<?xml version="1.0" encoding="UTF-8"?>
<!-- Generated by org.testng.reporters.JUnitReportReporter -->
<testsuite hostname="LAPTOP-8KATJP3L" failures="0" tests="1" name="com.absli.testcases.PersonalInfoTest" time="94.424" errors="0" timestamp="10 Oct 2022 10:51:07 GMT" skipped="0">
  <testcase classname="com.absli.testcases.PersonalInfoTest" name="UserAbleNevigateToExistingPageWeb" time="94.424"/>
</testsuite> <!-- com.absli.testcases.PersonalInfoTest -->
