<?xml version="1.0" encoding="UTF-8"?>
<!-- Generated by org.testng.reporters.JUnitReportReporter -->
<testsuite hostname="LAPTOP-I0N0AR3U" failures="0" tests="1" name="com.absli.testcases.BankDetailsTest" time="164.309" errors="0" timestamp="07 Oct 2022 14:37:17 GMT" skipped="0">
  <testcase classname="com.absli.testcases.BankDetailsTest" name="VerifyENACHMandateSendLinkToClientAndStatusWeb" time="164.309"/>
</testsuite> <!-- com.absli.testcases.BankDetailsTest -->
