<?xml version="1.0" encoding="UTF-8"?>
<!-- Generated by org.testng.reporters.JUnitReportReporter -->
<testsuite hostname="LAPTOP-8KATJP3L" failures="0" tests="1" name="com.absli.testcases.PaymentPageTest" time="217.933" errors="0" timestamp="06 Oct 2022 12:36:21 GMT" skipped="0">
  <testcase classname="com.absli.testcases.PaymentPageTest" name="WinBackBalanceAmountCanPayToDifferentPayModeWeb" time="217.933"/>
</testsuite> <!-- com.absli.testcases.PaymentPageTest -->
