<?xml version="1.0" encoding="UTF-8"?>
<!-- Generated by org.testng.reporters.JUnitReportReporter -->
<testsuite hostname="LAPTOP-I0N0AR3U" failures="0" tests="1" name="com.absli.testcases.LoginPageTest" time="3.977" errors="0" timestamp="07 Oct 2022 04:55:50 GMT" skipped="0">
  <testcase classname="com.absli.testcases.LoginPageTest" name="signInWithUserNameAcceptmax10DigitsWeb" time="3.977"/>
</testsuite> <!-- com.absli.testcases.LoginPageTest -->
