<?xml version="1.0" encoding="UTF-8"?>
<!-- Generated by org.testng.reporters.JUnitReportReporter -->
<testsuite hostname="LAPTOP-I0N0AR3U" failures="0" tests="1" name="com.testcases.LoginPageTest" time="1.224" errors="0" timestamp="26 Jul 2022 16:21:13 GMT" skipped="0">
  <testcase classname="com.testcases.LoginPageTest" name="loginPageTitleTestweb" time="1.224"/>
</testsuite> <!-- com.testcases.LoginPageTest -->
