<?xml version="1.0" encoding="UTF-8"?>
<!-- Generated by org.testng.reporters.JUnitReportReporter -->
<testsuite hostname="LAPTOP-I0N0AR3U" failures="0" tests="1" name="com.absli.testcases.ProposerNotInsuredTest" time="47.386" errors="0" timestamp="30 Sep 2022 10:16:58 GMT" skipped="0">
  <testcase classname="com.absli.testcases.ProposerNotInsuredTest" name="VerifyMaleAndFemaleSalutationWeb" time="47.386"/>
</testsuite> <!-- com.absli.testcases.ProposerNotInsuredTest -->
