<?xml version="1.0" encoding="UTF-8"?>
<!-- Generated by org.testng.reporters.JUnitReportReporter -->
<testsuite hostname="LAPTOP-I0N0AR3U" failures="0" tests="1" name="com.absli.testcases.AddNomineePageTest" time="108.909" errors="0" timestamp="08 Oct 2022 12:54:00 GMT" skipped="0">
  <testcase classname="com.absli.testcases.AddNomineePageTest" name="AddFiveMinorNomineeOfSingleAppointeeWeb" time="108.909"/>
</testsuite> <!-- com.absli.testcases.AddNomineePageTest -->
