<?xml version="1.0" encoding="UTF-8"?>
<!-- Generated by org.testng.reporters.JUnitReportReporter -->
<testsuite hostname="LAPTOP-I0N0AR3U" failures="0" tests="1" name="com.absli.testcases.AddressTest" time="245.458" errors="0" timestamp="08 Oct 2022 13:55:40 GMT" skipped="0">
  <testcase classname="com.absli.testcases.AddressTest" name="unselectAddressCheckboxWeb" time="245.458"/>
</testsuite> <!-- com.absli.testcases.AddressTest -->
