<?xml version="1.0" encoding="UTF-8"?>
<!-- Generated by org.testng.reporters.JUnitReportReporter -->
<testsuite hostname="LAPTOP-I0N0AR3U" failures="0" tests="1" name="com.absli.testcases.CustomerProfileTest" time="39.620" errors="0" timestamp="07 Oct 2022 10:40:32 GMT" skipped="0">
  <testcase classname="com.absli.testcases.CustomerProfileTest" name="enterIncorrectDOBUserShouldBeNevigateNextPageWeb" time="39.620"/>
</testsuite> <!-- com.absli.testcases.CustomerProfileTest -->
