<?xml version="1.0" encoding="UTF-8"?>
<!-- Generated by org.testng.reporters.JUnitReportReporter -->
<testsuite hostname="LAPTOP-I0N0AR3U" failures="0" tests="1" name="com.absli.testcases.IARTest" time="518.364" errors="0" timestamp="14 Sep 2022 06:25:54 GMT" skipped="0">
  <testcase classname="com.absli.testcases.IARTest" name="VerifyIARAllTextFieldDisplayAndOtherFieldWeb" time="518.364"/>
</testsuite> <!-- com.absli.testcases.IARTest -->
